<?xml version="1.0" encoding="UTF-8"?>
<testng-results ignored="0" total="1" passed="1" failed="0" skipped="0">
  <reporter-output>
  </reporter-output>
  <suite started-at="2026-01-31T15:29:16 IST" name="Default suite" finished-at="2026-01-31T15:29:31 IST" duration-ms="15195">
    <groups>
    </groups>
    <test started-at="2026-01-31T15:29:16 IST" name="Default test" finished-at="2026-01-31T15:29:31 IST" duration-ms="15195">
      <class name="testData.LoginTest">
        <test-method is-config="true" signature="setup()[pri:0, instance:testData.LoginTest@131ef10]" started-at="2026-01-31T15:29:16 IST" name="setup" finished-at="2026-01-31T15:29:19 IST" duration-ms="3820" status="PASS">
          <reporter-output>
          </reporter-output>
        </test-method> <!-- setup -->
        <test-method signature="LoginTest(java.lang.String,java.lang.String)[pri:0, instance:testData.LoginTest@131ef10]" started-at="2026-01-31T15:29:19 IST" name="LoginTest" data-provider="testdata" finished-at="2026-01-31T15:29:31 IST" duration-ms="11130" status="PASS">
          <params>
            <param index="0">
              <value>
                <![CDATA[kamal.chipsoft@gmail.com]]>
              </value>
            </param>
            <param index="1">
              <value>
                <![CDATA[Kamalsingh@123]]>
              </value>
            </param>
          </params>
          <reporter-output>
          </reporter-output>
        </test-method> <!-- LoginTest -->
        <test-method is-config="true" signature="tearDown()[pri:0, instance:testData.LoginTest@131ef10]" started-at="2026-01-31T15:29:31 IST" name="tearDown" finished-at="2026-01-31T15:29:31 IST" duration-ms="172" status="PASS">
          <reporter-output>
          </reporter-output>
        </test-method> <!-- tearDown -->
      </class> <!-- testData.LoginTest -->
    </test> <!-- Default test -->
  </suite> <!-- Default suite -->
</testng-results>
